1.3230 	WARNING 	We strongly recommend you activate the PTB sound engine in PsychoPy prefs as the preferred audio engine. Its timing is vastly superior. Your prefs are currently set to use ['sounddevice', 'PTB', 'pyo', 'pygame'] (in that order).
3.7632 	EXP 	Created window1 = Window(allowGUI=True, allowStencil=False, autoLog=True, backendConf=UNKNOWN, bitsMode=UNKNOWN, blendMode='avg', bpc=(8, 8, 8), color=array([0, 0, 0]), colorSpace='rgb', depthBits=8, fullscr=<method-wrapper '__getattribute__' of attributeSetter object at 0x000001853EDF7310>, gamma=None, gammaErrorPolicy='raise', lms=UNKNOWN, monitor=<psychopy.monitors.calibTools.Monitor object at 0x0000018540CCD790>, multiSample=False, name='window1', numSamples=2, pos=(0, 0), screen=1, size=array([1920, 1080]), stencilBits=0, stereo=False, units='deg', useFBO=True, useRetina=False, viewOri=0.0, viewPos=None, viewScale=None, waitBlanking=True, winType='pyglet')
3.7633 	EXP 	window1: mouseVisible = True
3.7633 	EXP 	window1: mouseVisible = False
3.7633 	EXP 	window1: Attempting to measure frame rate of screen (1) ...
3.7633 	EXP 	window1: recordFrameIntervals = False
3.9297 	EXP 	window1: recordFrameIntervals = True
4.1130 	EXP 	Screen (1) actual frame rate measured at 60.05Hz
4.1130 	EXP 	window1: recordFrameIntervals = False
5.1066 	EXP 	Created target = TextStim(__class__=<class 'psychopy.visual.text.TextStim'>, alignHoriz=method-wrapper(...), alignText='center', alignVert=method-wrapper(...), anchorHoriz='center', anchorVert='center', antialias=True, autoDraw=False, autoLog=True, bold=False, color=array([1, 1, 1]), colorSpace='rgb', contrast=1.0, depth=0.0, flipHoriz=False, flipVert=False, font='Open Sans', fontFiles=[], height=3.0, italic=False, languageStyle='LTR', name='target', opacity=1.0, ori=1.0, pos=array([-15.,   0.]), rgb=UNKNOWN, text='R', units='deg', win=Window(...), wrapWidth=15.0)
5.1077 	EXP 	Created letter = TextStim(__class__=<class 'psychopy.visual.text.TextStim'>, alignHoriz=method-wrapper(...), alignText='center', alignVert=method-wrapper(...), anchorHoriz='center', anchorVert='center', antialias=True, autoDraw=False, autoLog=True, bold=False, color=array([1, 1, 1]), colorSpace='rgb', contrast=1.0, depth=-1.0, flipHoriz=False, flipVert=False, font='Open Sans', fontFiles=[], height=3.0, italic=False, languageStyle='LTR', name='letter', opacity=1.0, ori=180.0, pos=array([15.,  0.]), rgb=UNKNOWN, text='R', units='deg', win=Window(...), wrapWidth=15.0)
5.1215 	EXP 	Imported conditions/mental_rotation_conditions.csv as conditions, 50 conditions, 4 params
5.1225 	EXP 	Created sequence: random, trialTypes=50, nReps=1, seed=None
5.1227 	EXP 	New trial (rep=0, index=0): OrderedDict([('condition', 'mirrored'), ('target_angle', 240), ('letter_angle', 240), ('flip', 'horiz')])
5.1476 	EXP 	target: ori = 240.0
5.1476 	EXP 	target: autoDraw = True
5.1476 	EXP 	letter: autoDraw = True
6.1145 	EXP 	New trial (rep=0, index=1): OrderedDict([('condition', 'same'), ('target_angle', 120), ('letter_angle', 180), ('flip', 0.0)])
6.1308 	EXP 	target: autoDraw = False
6.1308 	EXP 	letter: autoDraw = False
6.1308 	EXP 	target: ori = 120.0
6.1308 	EXP 	target: autoDraw = True
6.1308 	EXP 	letter: autoDraw = True
7.1143 	EXP 	New trial (rep=0, index=2): OrderedDict([('condition', 'same'), ('target_angle', 180), ('letter_angle', 240), ('flip', 0.0)])
7.1308 	EXP 	target: autoDraw = False
7.1308 	EXP 	letter: autoDraw = False
7.1308 	EXP 	target: ori = 180.0
7.1308 	EXP 	target: autoDraw = True
7.1308 	EXP 	letter: autoDraw = True
8.1146 	EXP 	New trial (rep=0, index=3): OrderedDict([('condition', 'same'), ('target_angle', 0), ('letter_angle', 0), ('flip', 0.0)])
8.1309 	EXP 	target: autoDraw = False
8.1309 	EXP 	letter: autoDraw = False
8.1309 	EXP 	target: ori = 0.0
8.1309 	EXP 	target: autoDraw = True
8.1309 	EXP 	letter: autoDraw = True
9.1146 	EXP 	New trial (rep=0, index=4): OrderedDict([('condition', 'mirrored'), ('target_angle', 240), ('letter_angle', 180), ('flip', 'horiz')])
9.1310 	EXP 	target: autoDraw = False
9.1310 	EXP 	letter: autoDraw = False
9.1310 	EXP 	target: ori = 240.0
9.1310 	EXP 	target: autoDraw = True
9.1310 	EXP 	letter: autoDraw = True
9.7981 	DATA 	Keypress: escape
10.5039 	EXP 	window1: mouseVisible = True
