1.3501 	WARNING 	We strongly recommend you activate the PTB sound engine in PsychoPy prefs as the preferred audio engine. Its timing is vastly superior. Your prefs are currently set to use ['sounddevice', 'PTB', 'pyo', 'pygame'] (in that order).
3.6800 	EXP 	Created window1 = Window(allowGUI=True, allowStencil=False, autoLog=True, backendConf=UNKNOWN, bitsMode=UNKNOWN, blendMode='avg', bpc=(8, 8, 8), color=array([0, 0, 0]), colorSpace='rgb', depthBits=8, fullscr=<method-wrapper '__getattribute__' of attributeSetter object at 0x000001AAC7B37310>, gamma=None, gammaErrorPolicy='raise', lms=UNKNOWN, monitor=<psychopy.monitors.calibTools.Monitor object at 0x000001AAC99FE790>, multiSample=False, name='window1', numSamples=2, pos=(0, 0), screen=1, size=array([1920, 1080]), stencilBits=0, stereo=False, units='deg', useFBO=True, useRetina=False, viewOri=0.0, viewPos=None, viewScale=None, waitBlanking=True, winType='pyglet')
3.6800 	EXP 	window1: mouseVisible = True
3.6801 	EXP 	window1: mouseVisible = False
3.6801 	EXP 	window1: Attempting to measure frame rate of screen (1) ...
3.6801 	EXP 	window1: recordFrameIntervals = False
3.8465 	EXP 	window1: recordFrameIntervals = True
4.0299 	EXP 	Screen (1) actual frame rate measured at 60.00Hz
4.0300 	EXP 	window1: recordFrameIntervals = False
4.9014 	EXP 	Created intro_slides = TextStim(__class__=<class 'psychopy.visual.text.TextStim'>, alignHoriz=method-wrapper(...), alignText='center', alignVert=method-wrapper(...), anchorHoriz='center', anchorVert='center', antialias=True, autoDraw=False, autoLog=True, bold=False, color=array([1, 1, 1]), colorSpace='rgb', contrast=1.0, depth=0.0, flipHoriz=False, flipVert=False, font='Open Sans', fontFiles=[], height=1.5, italic=False, languageStyle='LTR', name='intro_slides', opacity=1.0, ori=0.0, pos=array([0., 0.]), rgb=UNKNOWN, text='', units='deg', win=Window(...), wrapWidth=15.0)
4.9486 	EXP 	Created target = TextStim(__class__=<class 'psychopy.visual.text.TextStim'>, alignHoriz=method-wrapper(...), alignText='center', alignVert=method-wrapper(...), anchorHoriz='center', anchorVert='center', antialias=True, autoDraw=False, autoLog=True, bold=False, color=array([1, 1, 1]), colorSpace='rgb', contrast=1.0, depth=-1.0, flipHoriz=False, flipVert=False, font='Open Sans', fontFiles=[], height=3.0, italic=False, languageStyle='LTR', name='target', opacity=1.0, ori=1.0, pos=array([-15.,   0.]), rgb=UNKNOWN, text='R', units='deg', win=Window(...), wrapWidth=15.0)
4.9496 	EXP 	Created letter = TextStim(__class__=<class 'psychopy.visual.text.TextStim'>, alignHoriz=method-wrapper(...), alignText='center', alignVert=method-wrapper(...), anchorHoriz='center', anchorVert='center', antialias=True, autoDraw=False, autoLog=True, bold=False, color=array([1, 1, 1]), colorSpace='rgb', contrast=1.0, depth=-2.0, flipHoriz=False, flipVert=False, font='Open Sans', fontFiles=[], height=3.0, italic=False, languageStyle='LTR', name='letter', opacity=1.0, ori=1.0, pos=array([15.,  0.]), rgb=UNKNOWN, text='R', units='deg', win=Window(...), wrapWidth=15.0)
4.9509 	EXP 	Created fixation_cross = ShapeStim(__class__=<class 'psychopy.visual.shape.ShapeStim'>, anchor=('center', 'center'), autoDraw=False, autoLog=True, closeShape=True, color=method-wrapper(...), colorSpace='rgb', contrast=None, depth=-4.0, fillColor=array([ 1, -1, -1]), fillColorSpace='rgb', fillRGB=array([ 1, -1, -1]), interpolate=True, lineColor=array([ 1, -1, -1]), lineColorSpace='rgb', lineRGB=array([ 1, -1, -1]), lineWidth=1.0, name='fixation_cross', opacity=1.0, ori=0.0, pos=array([0., 0.]), size=array([1.5, 1.5]), units='deg', vertices=ndarray(...), win=Window(...), windingRule=None)
4.9528 	EXP 	Imported conditions/intro_slides.csv as conditions, 4 conditions, 1 params
4.9530 	EXP 	Created sequence: sequential, trialTypes=4, nReps=1, seed=None
4.9531 	EXP 	New trial (rep=0, index=0): OrderedDict([('intro_text', 'Welcome to this experiment and thank you for deciding to participate!')])
4.9809 	EXP 	intro_slides: height = 1.5
4.9809 	EXP 	intro_slides: height = 1.5
4.9809 	EXP 	intro_slides: height = 1.5
4.9809 	EXP 	intro_slides: text = 'Welcome to this experiment and thank you for deciding to participate!'
4.9809 	EXP 	intro_slides: autoDraw = True
5.2984 	DATA 	Keypress: space
5.3148 	EXP 	New trial (rep=0, index=1): OrderedDict([('intro_text', 'In this study you will see two letters presented one on the left and the other on the right side of the screen. Your job is to decide whether they are the same letters or not')])
5.3309 	EXP 	intro_slides: autoDraw = False
5.3309 	EXP 	intro_slides: height = 1.5
5.3309 	EXP 	intro_slides: height = 1.5
5.3309 	EXP 	intro_slides: height = 1.5
5.3309 	EXP 	intro_slides: text = 'In this study you will see two letters presented one on the left and the other on the right side of the screen. Your job is to decide whether they are the same letters or not'
5.3309 	EXP 	intro_slides: autoDraw = True
5.4315 	EXP 	New trial (rep=0, index=2): OrderedDict([('intro_text', 'To do this you need to mentally rotate the letter on the left to try to match the one on the right. Sometimes the letters are a mirrored version of each other and they cannot be matched with a simple rotation')])
5.4370 	DATA 	Keypress: space
5.4476 	EXP 	intro_slides: autoDraw = False
5.4476 	EXP 	intro_slides: height = 1.5
5.4476 	EXP 	intro_slides: height = 1.5
5.4476 	EXP 	intro_slides: height = 1.5
5.4476 	EXP 	intro_slides: text = 'To do this you need to mentally rotate the letter on the left to try to match the one on the right. Sometimes the letters are a mirrored version of each other and they cannot be matched with a simple rotation'
5.4476 	EXP 	intro_slides: autoDraw = True
5.5816 	EXP 	New trial (rep=0, index=3): OrderedDict([('intro_text', 'If the letters match (are the same) press the A key. If they do not match (mirrored) press the L key.')])
5.5863 	DATA 	Keypress: space
5.5976 	EXP 	intro_slides: autoDraw = False
5.5976 	EXP 	intro_slides: height = 1.5
5.5976 	EXP 	intro_slides: height = 1.5
5.5976 	EXP 	intro_slides: height = 1.5
5.5976 	EXP 	intro_slides: text = 'If the letters match (are the same) press the A key. If they do not match (mirrored) press the L key.'
5.5976 	EXP 	intro_slides: autoDraw = True
5.7028 	EXP 	Imported conditions/mental_rotation_conditions.csv as conditions, 50 conditions, 5 params
5.7031 	EXP 	Created sequence: random, trialTypes=50, nReps=1, seed=None
5.7033 	EXP 	New trial (rep=0, index=0): OrderedDict([('condition', 'mirrored'), ('target_angle', 180), ('letter_angle', 240), ('flip', 'horiz'), ('expected_key', 'l')])
5.7042 	DATA 	Keypress: space
5.7145 	EXP 	intro_slides: autoDraw = False
5.7145 	EXP 	target: ori = 180.0
5.7145 	EXP 	letter: ori = 240.0
5.7145 	EXP 	letter: flipHoriz = True
5.7145 	EXP 	target: autoDraw = True
5.7145 	EXP 	letter: autoDraw = True
5.7145 	EXP 	fixation_cross: autoDraw = True
10.7145 	EXP 	letter: autoDraw = False
10.7145 	EXP 	fixation_cross: autoDraw = False
11.6982 	EXP 	New trial (rep=0, index=1): OrderedDict([('condition', 'mirrored'), ('target_angle', 60), ('letter_angle', 60), ('flip', 'horiz'), ('expected_key', 'l')])
11.7144 	EXP 	target: autoDraw = False
11.7144 	EXP 	target: autoDraw = False
11.7144 	EXP 	letter: autoDraw = False
11.7144 	EXP 	fixation_cross: autoDraw = False
11.7144 	EXP 	target: ori = 60.0
11.7144 	EXP 	letter: ori = 60.0
11.7144 	EXP 	letter: flipHoriz = True
11.7144 	EXP 	target: autoDraw = True
11.7144 	EXP 	letter: autoDraw = True
11.7144 	EXP 	fixation_cross: autoDraw = True
16.7145 	EXP 	letter: autoDraw = False
16.7145 	EXP 	fixation_cross: autoDraw = False
17.6982 	EXP 	New trial (rep=0, index=2): OrderedDict([('condition', 'mirrored'), ('target_angle', 0), ('letter_angle', 0), ('flip', 'horiz'), ('expected_key', 'l')])
17.7143 	EXP 	target: autoDraw = False
17.7143 	EXP 	target: autoDraw = False
17.7143 	EXP 	letter: autoDraw = False
17.7143 	EXP 	fixation_cross: autoDraw = False
17.7143 	EXP 	target: ori = 0.0
17.7143 	EXP 	letter: ori = 0.0
17.7143 	EXP 	letter: flipHoriz = True
17.7143 	EXP 	target: autoDraw = True
17.7143 	EXP 	letter: autoDraw = True
17.7143 	EXP 	fixation_cross: autoDraw = True
18.2824 	DATA 	Keypress: escape
18.8530 	EXP 	window1: mouseVisible = True
