1.3180 	WARNING 	We strongly recommend you activate the PTB sound engine in PsychoPy prefs as the preferred audio engine. Its timing is vastly superior. Your prefs are currently set to use ['sounddevice', 'PTB', 'pyo', 'pygame'] (in that order).
3.1314 	EXP 	Created window1 = Window(allowGUI=True, allowStencil=False, autoLog=True, backendConf=UNKNOWN, bitsMode=UNKNOWN, blendMode='avg', bpc=(8, 8, 8), color=array([0, 0, 0]), colorSpace='rgb', depthBits=8, fullscr=<method-wrapper '__getattribute__' of attributeSetter object at 0x00000209057792B0>, gamma=None, gammaErrorPolicy='raise', lms=UNKNOWN, monitor=<psychopy.monitors.calibTools.Monitor object at 0x000002090765E730>, multiSample=False, name='window1', numSamples=2, pos=(0, 0), screen=1, size=array([1920, 1080]), stencilBits=0, stereo=False, units='deg', useFBO=True, useRetina=False, viewOri=0.0, viewPos=None, viewScale=None, waitBlanking=True, winType='pyglet')
3.1315 	EXP 	window1: mouseVisible = True
3.1315 	EXP 	window1: mouseVisible = False
3.1315 	EXP 	window1: Attempting to measure frame rate of screen (1) ...
3.1315 	EXP 	window1: recordFrameIntervals = False
3.2978 	EXP 	window1: recordFrameIntervals = True
3.4812 	EXP 	Screen (1) actual frame rate measured at 60.01Hz
3.4812 	EXP 	window1: recordFrameIntervals = False
4.3544 	EXP 	Created intro_slides = TextStim(__class__=<class 'psychopy.visual.text.TextStim'>, alignHoriz=method-wrapper(...), alignText='center', alignVert=method-wrapper(...), anchorHoriz='center', anchorVert='center', antialias=True, autoDraw=False, autoLog=True, bold=False, color=array([1, 1, 1]), colorSpace='rgb', contrast=1.0, depth=0.0, flipHoriz=False, flipVert=False, font='Open Sans', fontFiles=[], height=1.5, italic=False, languageStyle='LTR', name='intro_slides', opacity=1.0, ori=0.0, pos=array([0., 0.]), rgb=UNKNOWN, text='', units='deg', win=Window(...), wrapWidth=15.0)
4.3556 	EXP 	Created target = TextStim(__class__=<class 'psychopy.visual.text.TextStim'>, alignHoriz=method-wrapper(...), alignText='center', alignVert=method-wrapper(...), anchorHoriz='center', anchorVert='center', antialias=True, autoDraw=False, autoLog=True, bold=False, color=array([1, 1, 1]), colorSpace='rgb', contrast=1.0, depth=-1.0, flipHoriz=False, flipVert=False, font='Open Sans', fontFiles=[], height=3.0, italic=False, languageStyle='LTR', name='target', opacity=1.0, ori=1.0, pos=array([-15.,   0.]), rgb=UNKNOWN, text='', units='deg', win=Window(...), wrapWidth=15.0)
4.4020 	EXP 	Created letter = TextStim(__class__=<class 'psychopy.visual.text.TextStim'>, alignHoriz=method-wrapper(...), alignText='center', alignVert=method-wrapper(...), anchorHoriz='center', anchorVert='center', antialias=True, autoDraw=False, autoLog=True, bold=False, color=array([1, 1, 1]), colorSpace='rgb', contrast=1.0, depth=-2.0, flipHoriz=False, flipVert=False, font='Open Sans', fontFiles=[], height=3.0, italic=False, languageStyle='LTR', name='letter', opacity=1.0, ori=1.0, pos=array([15.,  0.]), rgb=UNKNOWN, text='R', units='deg', win=Window(...), wrapWidth=15.0)
4.4032 	EXP 	Created fixation_cross = ShapeStim(__class__=<class 'psychopy.visual.shape.ShapeStim'>, anchor=('center', 'center'), autoDraw=False, autoLog=True, closeShape=True, color=method-wrapper(...), colorSpace='rgb', contrast=None, depth=-4.0, fillColor=array([ 1, -1, -1]), fillColorSpace='rgb', fillRGB=array([ 1, -1, -1]), interpolate=True, lineColor=array([ 1, -1, -1]), lineColorSpace='rgb', lineRGB=array([ 1, -1, -1]), lineWidth=1.0, name='fixation_cross', opacity=1.0, ori=0.0, pos=array([0., 0.]), size=array([1.5, 1.5]), units='deg', vertices=ndarray(...), win=Window(...), windingRule=None)
4.4051 	EXP 	Imported conditions/intro_slides.csv as conditions, 4 conditions, 1 params
4.4053 	EXP 	Created sequence: sequential, trialTypes=4, nReps=1, seed=None
4.4054 	EXP 	New trial (rep=0, index=0): OrderedDict([('intro_text', 'Welcome to this experiment and thank you for deciding to participate!')])
4.4323 	EXP 	intro_slides: height = 1.5
4.4323 	EXP 	intro_slides: height = 1.5
4.4323 	EXP 	intro_slides: height = 1.5
4.4323 	EXP 	intro_slides: text = 'Welcome to this experiment and thank you for deciding to participate!'
4.4323 	EXP 	intro_slides: autoDraw = True
4.7163 	EXP 	New trial (rep=0, index=1): OrderedDict([('intro_text', 'In this study you will see two letters presented one on the left and the other on the right side of the screen. Your job is to decide whether they are the same letters or not')])
4.7228 	DATA 	Keypress: space
4.7324 	EXP 	intro_slides: autoDraw = False
4.7324 	EXP 	intro_slides: height = 1.5
4.7324 	EXP 	intro_slides: height = 1.5
4.7324 	EXP 	intro_slides: height = 1.5
4.7324 	EXP 	intro_slides: text = 'In this study you will see two letters presented one on the left and the other on the right side of the screen. Your job is to decide whether they are the same letters or not'
4.7324 	EXP 	intro_slides: autoDraw = True
4.8331 	DATA 	Keypress: space
4.8496 	EXP 	New trial (rep=0, index=2): OrderedDict([('intro_text', 'To do this you need to mentally rotate the letter on the left to try to match the one on the right. Sometimes the letters are a mirrored version of each other and they cannot be matched with a simple rotation')])
4.8657 	EXP 	intro_slides: autoDraw = False
4.8657 	EXP 	intro_slides: height = 1.5
4.8657 	EXP 	intro_slides: height = 1.5
4.8657 	EXP 	intro_slides: height = 1.5
4.8657 	EXP 	intro_slides: text = 'To do this you need to mentally rotate the letter on the left to try to match the one on the right. Sometimes the letters are a mirrored version of each other and they cannot be matched with a simple rotation'
4.8657 	EXP 	intro_slides: autoDraw = True
5.0328 	EXP 	New trial (rep=0, index=3): OrderedDict([('intro_text', 'If the letters match (are the same) press the A key. If they do not match (mirrored) press the L key.')])
5.0370 	DATA 	Keypress: space
5.0490 	EXP 	intro_slides: autoDraw = False
5.0490 	EXP 	intro_slides: height = 1.5
5.0490 	EXP 	intro_slides: height = 1.5
5.0490 	EXP 	intro_slides: height = 1.5
5.0490 	EXP 	intro_slides: text = 'If the letters match (are the same) press the A key. If they do not match (mirrored) press the L key.'
5.0490 	EXP 	intro_slides: autoDraw = True
5.3373 	EXP 	Imported conditions/mental_rotation_conditions.csv as conditions, 50 conditions, 5 params
5.3376 	EXP 	Created sequence: random, trialTypes=50, nReps=1, seed=None
5.3378 	EXP 	New trial (rep=0, index=0): OrderedDict([('condition', 'same'), ('target_angle', 60), ('letter_angle', 180), ('flip', 0.0), ('expected_key', 'a')])
5.3426 	DATA 	Keypress: space
5.3491 	EXP 	intro_slides: autoDraw = False
5.3491 	EXP 	target: ori = 60.0
5.3491 	EXP 	target: height = 3.0
5.3491 	EXP 	target: height = 3.0
5.3491 	EXP 	target: height = 3.0
5.3491 	EXP 	target: text = 'current_letter'
5.3491 	EXP 	letter: ori = 180.0
5.3491 	EXP 	target: autoDraw = True
5.3491 	EXP 	letter: autoDraw = True
5.3491 	EXP 	fixation_cross: autoDraw = True
6.7664 	DATA 	Keypress: escape
7.3045 	EXP 	window1: mouseVisible = True
