1.3639 	WARNING 	We strongly recommend you activate the PTB sound engine in PsychoPy prefs as the preferred audio engine. Its timing is vastly superior. Your prefs are currently set to use ['sounddevice', 'PTB', 'pyo', 'pygame'] (in that order).
3.7187 	EXP 	Created window1 = Window(allowGUI=True, allowStencil=False, autoLog=True, backendConf=UNKNOWN, bitsMode=UNKNOWN, blendMode='avg', bpc=(8, 8, 8), color=array([0, 0, 0]), colorSpace='rgb', depthBits=8, fullscr=<method-wrapper '__getattribute__' of attributeSetter object at 0x00000181C23B8280>, gamma=None, gammaErrorPolicy='raise', lms=UNKNOWN, monitor=<psychopy.monitors.calibTools.Monitor object at 0x00000181C428E760>, multiSample=False, name='window1', numSamples=2, pos=(0, 0), screen=1, size=array([1920, 1080]), stencilBits=0, stereo=False, units='deg', useFBO=True, useRetina=False, viewOri=0.0, viewPos=None, viewScale=None, waitBlanking=True, winType='pyglet')
3.7187 	EXP 	window1: mouseVisible = True
3.7188 	EXP 	window1: mouseVisible = False
3.7188 	EXP 	window1: Attempting to measure frame rate of screen (1) ...
3.7188 	EXP 	window1: recordFrameIntervals = False
3.8851 	EXP 	window1: recordFrameIntervals = True
4.0684 	EXP 	Screen (1) actual frame rate measured at 60.03Hz
4.0685 	EXP 	window1: recordFrameIntervals = False
5.0926 	EXP 	Created target = TextStim(__class__=<class 'psychopy.visual.text.TextStim'>, alignHoriz=method-wrapper(...), alignText='center', alignVert=method-wrapper(...), anchorHoriz='center', anchorVert='center', antialias=True, autoDraw=False, autoLog=True, bold=False, color=array([1, 1, 1]), colorSpace='rgb', contrast=1.0, depth=0.0, flipHoriz=False, flipVert=False, font='Open Sans', fontFiles=[], height=3.0, italic=False, languageStyle='LTR', name='target', opacity=1.0, ori=1.0, pos=array([-15.,   0.]), rgb=UNKNOWN, text='R', units='deg', win=Window(...), wrapWidth=15.0)
5.0939 	EXP 	Created letter = TextStim(__class__=<class 'psychopy.visual.text.TextStim'>, alignHoriz=method-wrapper(...), alignText='center', alignVert=method-wrapper(...), anchorHoriz='center', anchorVert='center', antialias=True, autoDraw=False, autoLog=True, bold=False, color=array([1, 1, 1]), colorSpace='rgb', contrast=1.0, depth=-1.0, flipHoriz=False, flipVert=False, font='Open Sans', fontFiles=[], height=3.0, italic=False, languageStyle='LTR', name='letter', opacity=1.0, ori=180.0, pos=array([15.,  0.]), rgb=UNKNOWN, text='R', units='deg', win=Window(...), wrapWidth=15.0)
5.0986 	EXP 	Imported conditions/mental_rotation_conditions.csv as conditions, 50 conditions, 4 params
5.1024 	EXP 	Created sequence: random, trialTypes=50, nReps=1, seed=None
5.1027 	EXP 	New trial (rep=0, index=0): OrderedDict([('condition', 'mirrored'), ('target_angle', 60), ('letter_angle', 60), ('flip', 'horiz')])
5.1198 	EXP 	target: ori = 60.0
5.1198 	EXP 	target: autoDraw = True
5.1198 	EXP 	letter: autoDraw = True
6.1035 	EXP 	New trial (rep=0, index=1): OrderedDict([('condition', 'same'), ('target_angle', 180), ('letter_angle', 60), ('flip', 0.0)])
6.1196 	EXP 	target: autoDraw = False
6.1196 	EXP 	letter: autoDraw = False
6.1196 	EXP 	target: ori = 180.0
6.1196 	EXP 	target: autoDraw = True
6.1196 	EXP 	letter: autoDraw = True
7.1034 	EXP 	New trial (rep=0, index=2): OrderedDict([('condition', 'mirrored'), ('target_angle', 240), ('letter_angle', 120), ('flip', 'horiz')])
7.1196 	EXP 	target: autoDraw = False
7.1196 	EXP 	letter: autoDraw = False
7.1196 	EXP 	target: ori = 240.0
7.1196 	EXP 	target: autoDraw = True
7.1196 	EXP 	letter: autoDraw = True
8.1031 	EXP 	New trial (rep=0, index=3): OrderedDict([('condition', 'same'), ('target_angle', 240), ('letter_angle', 180), ('flip', 0.0)])
8.1196 	EXP 	target: autoDraw = False
8.1196 	EXP 	letter: autoDraw = False
8.1196 	EXP 	target: ori = 240.0
8.1196 	EXP 	target: autoDraw = True
8.1196 	EXP 	letter: autoDraw = True
9.1032 	EXP 	New trial (rep=0, index=4): OrderedDict([('condition', 'mirrored'), ('target_angle', 120), ('letter_angle', 0), ('flip', 'horiz')])
9.1196 	EXP 	target: autoDraw = False
9.1196 	EXP 	letter: autoDraw = False
9.1196 	EXP 	target: ori = 120.0
9.1196 	EXP 	target: autoDraw = True
9.1196 	EXP 	letter: autoDraw = True
10.1031 	EXP 	New trial (rep=0, index=5): OrderedDict([('condition', 'same'), ('target_angle', 0), ('letter_angle', 60), ('flip', 0.0)])
10.1196 	EXP 	target: autoDraw = False
10.1196 	EXP 	letter: autoDraw = False
10.1196 	EXP 	target: ori = 0.0
10.1196 	EXP 	target: autoDraw = True
10.1196 	EXP 	letter: autoDraw = True
10.1535 	DATA 	Keypress: escape
10.4913 	EXP 	window1: mouseVisible = True
