1.3067 	WARNING 	We strongly recommend you activate the PTB sound engine in PsychoPy prefs as the preferred audio engine. Its timing is vastly superior. Your prefs are currently set to use ['sounddevice', 'PTB', 'pyo', 'pygame'] (in that order).
3.0402 	EXP 	Created window1 = Window(allowGUI=True, allowStencil=False, autoLog=True, backendConf=UNKNOWN, bitsMode=UNKNOWN, blendMode='avg', bpc=(8, 8, 8), color=array([0, 0, 0]), colorSpace='rgb', depthBits=8, fullscr=<method-wrapper '__getattribute__' of attributeSetter object at 0x0000021BA8118310>, gamma=None, gammaErrorPolicy='raise', lms=UNKNOWN, monitor=<psychopy.monitors.calibTools.Monitor object at 0x0000021BA9FDE7F0>, multiSample=False, name='window1', numSamples=2, pos=(0, 0), screen=1, size=array([1920, 1080]), stencilBits=0, stereo=False, units='deg', useFBO=True, useRetina=False, viewOri=0.0, viewPos=None, viewScale=None, waitBlanking=True, winType='pyglet')
3.0403 	EXP 	window1: mouseVisible = True
3.0403 	EXP 	window1: mouseVisible = False
3.0403 	EXP 	window1: Attempting to measure frame rate of screen (1) ...
3.0403 	EXP 	window1: recordFrameIntervals = False
3.2063 	EXP 	window1: recordFrameIntervals = True
3.3897 	EXP 	Screen (1) actual frame rate measured at 60.00Hz
3.3898 	EXP 	window1: recordFrameIntervals = False
4.2617 	EXP 	Created intro_slides = TextStim(__class__=<class 'psychopy.visual.text.TextStim'>, alignHoriz=method-wrapper(...), alignText='center', alignVert=method-wrapper(...), anchorHoriz='center', anchorVert='center', antialias=True, autoDraw=False, autoLog=True, bold=False, color=array([1, 1, 1]), colorSpace='rgb', contrast=1.0, depth=0.0, flipHoriz=False, flipVert=False, font='Open Sans', fontFiles=[], height=1.5, italic=False, languageStyle='LTR', name='intro_slides', opacity=1.0, ori=0.0, pos=array([0., 0.]), rgb=UNKNOWN, text='', units='deg', win=Window(...), wrapWidth=15.0)
4.2630 	EXP 	Created target = TextStim(__class__=<class 'psychopy.visual.text.TextStim'>, alignHoriz=method-wrapper(...), alignText='center', alignVert=method-wrapper(...), anchorHoriz='center', anchorVert='center', antialias=True, autoDraw=False, autoLog=True, bold=False, color=array([1, 1, 1]), colorSpace='rgb', contrast=1.0, depth=-1.0, flipHoriz=False, flipVert=False, font='Open Sans', fontFiles=[], height=3.0, italic=False, languageStyle='LTR', name='target', opacity=1.0, ori=1.0, pos=array([-15.,   0.]), rgb=UNKNOWN, text='', units='deg', win=Window(...), wrapWidth=15.0)
4.3143 	EXP 	Created letter = TextStim(__class__=<class 'psychopy.visual.text.TextStim'>, alignHoriz=method-wrapper(...), alignText='center', alignVert=method-wrapper(...), anchorHoriz='center', anchorVert='center', antialias=True, autoDraw=False, autoLog=True, bold=False, color=array([1, 1, 1]), colorSpace='rgb', contrast=1.0, depth=-2.0, flipHoriz=False, flipVert=False, font='Open Sans', fontFiles=[], height=3.0, italic=False, languageStyle='LTR', name='letter', opacity=1.0, ori=1.0, pos=array([15.,  0.]), rgb=UNKNOWN, text='R', units='deg', win=Window(...), wrapWidth=15.0)
4.3156 	EXP 	Created fixation_cross = ShapeStim(__class__=<class 'psychopy.visual.shape.ShapeStim'>, anchor=('center', 'center'), autoDraw=False, autoLog=True, closeShape=True, color=method-wrapper(...), colorSpace='rgb', contrast=None, depth=-4.0, fillColor=array([ 1, -1, -1]), fillColorSpace='rgb', fillRGB=array([ 1, -1, -1]), interpolate=True, lineColor=array([ 1, -1, -1]), lineColorSpace='rgb', lineRGB=array([ 1, -1, -1]), lineWidth=1.0, name='fixation_cross', opacity=1.0, ori=0.0, pos=array([0., 0.]), size=array([1.5, 1.5]), units='deg', vertices=ndarray(...), win=Window(...), windingRule=None)
4.3174 	EXP 	Imported conditions/intro_slides.csv as conditions, 4 conditions, 1 params
4.3176 	EXP 	Created sequence: sequential, trialTypes=4, nReps=1, seed=None
4.3177 	EXP 	New trial (rep=0, index=0): OrderedDict([('intro_text', 'Welcome to this experiment and thank you for deciding to participate!')])
4.3397 	EXP 	intro_slides: height = 1.5
4.3397 	EXP 	intro_slides: height = 1.5
4.3397 	EXP 	intro_slides: height = 1.5
4.3397 	EXP 	intro_slides: text = 'Welcome to this experiment and thank you for deciding to participate!'
4.3397 	EXP 	intro_slides: autoDraw = True
4.6582 	EXP 	New trial (rep=0, index=1): OrderedDict([('intro_text', 'In this study you will see two letters presented one on the left and the other on the right side of the screen. Your job is to decide whether they are the same letters or not')])
4.6647 	DATA 	Keypress: space
4.6743 	EXP 	intro_slides: autoDraw = False
4.6743 	EXP 	intro_slides: height = 1.5
4.6743 	EXP 	intro_slides: height = 1.5
4.6743 	EXP 	intro_slides: height = 1.5
4.6743 	EXP 	intro_slides: text = 'In this study you will see two letters presented one on the left and the other on the right side of the screen. Your job is to decide whether they are the same letters or not'
4.6743 	EXP 	intro_slides: autoDraw = True
4.8082 	EXP 	New trial (rep=0, index=2): OrderedDict([('intro_text', 'To do this you need to mentally rotate the letter on the left to try to match the one on the right. Sometimes the letters are a mirrored version of each other and they cannot be matched with a simple rotation')])
4.8143 	DATA 	Keypress: space
4.8244 	EXP 	intro_slides: autoDraw = False
4.8244 	EXP 	intro_slides: height = 1.5
4.8244 	EXP 	intro_slides: height = 1.5
4.8244 	EXP 	intro_slides: height = 1.5
4.8244 	EXP 	intro_slides: text = 'To do this you need to mentally rotate the letter on the left to try to match the one on the right. Sometimes the letters are a mirrored version of each other and they cannot be matched with a simple rotation'
4.8244 	EXP 	intro_slides: autoDraw = True
4.9082 	EXP 	New trial (rep=0, index=3): OrderedDict([('intro_text', 'If the letters match (are the same) press the A key. If they do not match (mirrored) press the L key.')])
4.9129 	DATA 	Keypress: space
4.9243 	EXP 	intro_slides: autoDraw = False
4.9243 	EXP 	intro_slides: height = 1.5
4.9243 	EXP 	intro_slides: height = 1.5
4.9243 	EXP 	intro_slides: height = 1.5
4.9243 	EXP 	intro_slides: text = 'If the letters match (are the same) press the A key. If they do not match (mirrored) press the L key.'
4.9243 	EXP 	intro_slides: autoDraw = True
5.0128 	EXP 	Imported conditions/mental_rotation_conditions.csv as conditions, 50 conditions, 5 params
5.0130 	EXP 	Created sequence: random, trialTypes=50, nReps=1, seed=None
5.0132 	EXP 	New trial (rep=0, index=0): OrderedDict([('condition', 'same'), ('target_angle', 60), ('letter_angle', 240), ('flip', 0.0), ('expected_key', 'a')])
5.0167 	DATA 	Keypress: space
5.0243 	EXP 	intro_slides: autoDraw = False
5.0243 	EXP 	target: ori = 60.0
5.0243 	EXP 	target: height = 3.0
5.0243 	EXP 	target: height = 3.0
5.0243 	EXP 	target: height = 3.0
5.0243 	EXP 	target: text = ['K']
5.0243 	EXP 	letter: ori = 240.0
5.0243 	EXP 	target: autoDraw = True
5.0243 	EXP 	letter: autoDraw = True
5.0243 	EXP 	fixation_cross: autoDraw = True
6.3922 	DATA 	Keypress: escape
6.7128 	EXP 	window1: mouseVisible = True
